<?xml version="1.0" encoding="UTF-8"?>
<!-- Generated by org.testng.reporters.JUnitXMLReporter -->
<testsuite hostname="ICPL12770" ignored="0" name="Test" tests="3" failures="0" timestamp="31 Jan 2018 07:42:38 GMT" time="27.97" errors="0">
  <testcase name="userSelectAnd" time="13.254" classname="com.assign.tests.OrbtizTestCSV"/>
  <testcase name="userSelectAnd" time="10.449" classname="com.assign.tests.OrbtizTestCSV"/>
  <testcase name="userSelectAnd" time="4.184" classname="com.assign.tests.OrbtizTestCSV"/>
</testsuite> <!-- Test -->
