<?xml version="1.0" encoding="UTF-8"?>
<!-- Generated by org.testng.reporters.JUnitXMLReporter -->
<testsuite hostname="ICPL12770" ignored="0" name="Test" tests="3" failures="0" timestamp="24 Jan 2018 13:23:17 GMT" time="23.04" errors="0">
  <testcase name="userSelectAnd" time="10.062" classname="com.assign.tests.OrbtizTestCSV"/>
  <testcase name="userSelectAnd" time="6.272" classname="com.assign.tests.OrbtizTestCSV"/>
  <testcase name="userSelectAnd" time="6.589" classname="com.assign.tests.OrbtizTestCSV"/>
</testsuite> <!-- Test -->
