<?xml version="1.0" encoding="UTF-8"?>
<!-- Generated by org.testng.reporters.JUnitXMLReporter -->
<testsuite hostname="ICPL12770" ignored="1" name="BDD Test" tests="1" failures="0" timestamp="19 Jan 2018 10:22:16 GMT" time="0.048" errors="0">
  <testcase name="I open Orbtiz application2" time="0.0" classname="com.qmetry.qaf.automation.step.client.DataDrivenScenario">
    <skipped/>
  </testcase> <!-- I open Orbtiz application2 -->
  <testcase name="I open Orbtiz application2" time="0.0" classname="com.qmetry.qaf.automation.step.client.DataDrivenScenario">
    <ignored/>
  </testcase> <!-- I open Orbtiz application2 -->
</testsuite> <!-- BDD Test -->
