<?xml version="1.0" encoding="UTF-8"?>
<testng-results skipped="0" failed="0" ignored="0" total="1" passed="1">
  <reporter-output>
    <line>
      <![CDATA[<div style="display:block;margin-left:10px;"></div>]]>
    </line>
  </reporter-output>
  <suite name="QAS Demo" duration-ms="75182" started-at="2018-01-25T12:58:40Z" finished-at="2018-01-25T12:59:55Z">
    <groups>
    </groups>
    <test name="Code Driven Test" duration-ms="75182" started-at="2018-01-25T12:58:40Z" finished-at="2018-01-25T12:59:55Z">
      <class name="com.assign.tests.OrbitzTest">
        <test-method status="PASS" signature="setupSuit(org.testng.ITestContext)[pri:0, instance:com.assign.tests.OrbitzTest@4e5ed836]" name="setupSuit" is-config="true" duration-ms="33" started-at="2018-01-25T18:28:40Z" finished-at="2018-01-25T18:28:40Z">
          <params>
            <param index="0">
              <value>
                <![CDATA[org.testng.TestRunner@2812b107]]>
              </value>
            </param>
          </params>
          <reporter-output>
          </reporter-output>
        </test-method> <!-- setupSuit -->
        <test-method status="PASS" signature="setupTest(org.testng.ITestContext)[pri:0, instance:com.assign.tests.OrbitzTest@4e5ed836]" name="setupTest" is-config="true" duration-ms="2" started-at="2018-01-25T18:28:40Z" finished-at="2018-01-25T18:28:40Z">
          <params>
            <param index="0">
              <value>
                <![CDATA[org.testng.TestRunner@2812b107]]>
              </value>
            </param>
          </params>
          <reporter-output>
          </reporter-output>
        </test-method> <!-- setupTest -->
        <test-method status="PASS" signature="setup(org.testng.ITestContext)[pri:0, instance:com.assign.tests.OrbitzTest@4e5ed836]" name="setup" is-config="true" duration-ms="1" started-at="2018-01-25T18:28:40Z" finished-at="2018-01-25T18:28:40Z">
          <params>
            <param index="0">
              <value>
                <![CDATA[org.testng.TestRunner@2812b107]]>
              </value>
            </param>
          </params>
          <reporter-output>
          </reporter-output>
        </test-method> <!-- setup -->
        <test-method status="PASS" signature="setupMethod(java.lang.reflect.Method, org.testng.ITestContext)[pri:0, instance:com.assign.tests.OrbitzTest@4e5ed836]" name="setupMethod" is-config="true" duration-ms="1" started-at="2018-01-25T18:28:40Z" finished-at="2018-01-25T18:28:40Z">
          <params>
            <param index="0">
              <value>
                <![CDATA[public void com.assign.tests.OrbitzTest.sampleTestCase()]]>
              </value>
            </param>
            <param index="1">
              <value>
                <![CDATA[org.testng.TestRunner@2812b107]]>
              </value>
            </param>
          </params>
          <reporter-output>
          </reporter-output>
        </test-method> <!-- setupMethod -->
        <test-method status="PASS" signature="sampleTestCase()[pri:0, instance:com.assign.tests.OrbitzTest@4e5ed836]" name="sampleTestCase" duration-ms="74882" started-at="2018-01-25T18:28:40Z" finished-at="2018-01-25T18:29:55Z">
          <reporter-output>
            <line>
              <![CDATA[<div style="display:block;margin-left:10px;"></div>]]>
            </line>
          </reporter-output>
        </test-method> <!-- sampleTestCase -->
        <test-method status="PASS" signature="afterMethod(org.testng.ITestContext, org.testng.ITestResult)[pri:0, instance:com.assign.tests.OrbitzTest@4e5ed836]" name="afterMethod" is-config="true" duration-ms="1" started-at="2018-01-25T18:29:55Z" finished-at="2018-01-25T18:29:55Z">
          <params>
            <param index="0">
              <value>
                <![CDATA[org.testng.TestRunner@2812b107]]>
              </value>
            </param>
            <param index="1">
              <value>
                <![CDATA[[TestResult name=sampleTestCase status=SUCCESS method=OrbitzTest.sampleTestCase()[pri:0, instance:com.assign.tests.OrbitzTest@4e5ed836] output=<div style="display:block;margin-left:10px;"></div>]]]>
              </value>
            </param>
          </params>
          <reporter-output>
          </reporter-output>
        </test-method> <!-- afterMethod -->
        <test-method status="PASS" signature="afterClass(org.testng.ITestContext)[pri:0, instance:com.assign.tests.OrbitzTest@4e5ed836]" name="afterClass" is-config="true" duration-ms="0" started-at="2018-01-25T18:29:55Z" finished-at="2018-01-25T18:29:55Z">
          <params>
            <param index="0">
              <value>
                <![CDATA[org.testng.TestRunner@2812b107]]>
              </value>
            </param>
          </params>
          <reporter-output>
          </reporter-output>
        </test-method> <!-- afterClass -->
        <test-method status="PASS" signature="afterTest(org.testng.ITestContext)[pri:0, instance:com.assign.tests.OrbitzTest@4e5ed836]" name="afterTest" is-config="true" duration-ms="221" started-at="2018-01-25T18:29:55Z" finished-at="2018-01-25T18:29:55Z">
          <params>
            <param index="0">
              <value>
                <![CDATA[org.testng.TestRunner@2812b107]]>
              </value>
            </param>
          </params>
          <reporter-output>
          </reporter-output>
        </test-method> <!-- afterTest -->
        <test-method status="PASS" signature="afterSuit(org.testng.ITestContext)[pri:0, instance:com.assign.tests.OrbitzTest@4e5ed836]" name="afterSuit" is-config="true" duration-ms="2" started-at="2018-01-25T18:29:55Z" finished-at="2018-01-25T18:29:55Z">
          <params>
            <param index="0">
              <value>
                <![CDATA[org.testng.TestRunner@2812b107]]>
              </value>
            </param>
          </params>
          <reporter-output>
          </reporter-output>
        </test-method> <!-- afterSuit -->
      </class> <!-- com.assign.tests.OrbitzTest -->
    </test> <!-- Code Driven Test -->
  </suite> <!-- QAS Demo -->
</testng-results>
